<?xml version="1.0" encoding="UTF-8"?>
<!-- Generated by org.testng.reporters.JUnitReportReporter -->
<testsuite hostname="LAPTOP-0R2D2UVK" failures="0" tests="1" name="com.testcases.Addtarifplantocustomer" time="169.866" errors="0" timestamp="2024-08-01T18:50:46 IST" skipped="0">
  <testcase classname="com.testcases.Addtarifplantocustomer" name="addnewplancustomer" time="169.866"/>
  <system-out/>
</testsuite> <!-- com.testcases.Addtarifplantocustomer -->
