<?xml version="1.0" encoding="UTF-8"?>
<!-- Generated by org.testng.reporters.JUnitReportReporter -->
<testsuite hostname="LAPTOP-0R2D2UVK" failures="0" tests="1" name="com.testcases.Userabletoaddtariffplan" time="26.116" errors="0" timestamp="2024-08-01T16:30:04 IST" skipped="0">
  <testcase classname="com.testcases.Userabletoaddtariffplan" name="addtariffplan" time="26.116"/>
  <system-out/>
</testsuite> <!-- com.testcases.Userabletoaddtariffplan -->
