<?xml version="1.0" encoding="UTF-8"?>
<!-- Generated by org.testng.reporters.JUnitReportReporter -->
<testsuite hostname="LAPTOP-0R2D2UVK" failures="0" tests="1" name="com.testcases.LoginTC1" time="37.959" errors="0" timestamp="2024-07-24T09:13:44 IST" skipped="0">
  <testcase classname="com.testcases.LoginTC1" name="inittc" time="37.959"/>
  <system-out/>
</testsuite> <!-- com.testcases.LoginTC1 -->
