<?xml version="1.0" encoding="UTF-8"?>
<!-- Generated by org.testng.reporters.JUnitReportReporter -->
<testsuite hostname="LAPTOP-0R2D2UVK" failures="0" tests="1" name="com.testcases.PaybillTC" time="203.321" errors="0" timestamp="2024-08-02T11:20:07 IST" skipped="0">
  <testcase classname="com.testcases.PaybillTC" name="paybill" time="203.321"/>
  <system-out/>
</testsuite> <!-- com.testcases.PaybillTC -->
