<?xml version="1.0" encoding="UTF-8"?>
<!-- Generated by org.testng.reporters.JUnitReportReporter -->
<testsuite hostname="LAPTOP-0R2D2UVK" failures="0" tests="1" name="com.testcases.Usercanabletoaddtarifplantocustomer" time="24.662" errors="0" timestamp="2024-08-01T18:00:43 IST" skipped="0">
  <testcase classname="com.testcases.Usercanabletoaddtarifplantocustomer" name="addtarifplan" time="24.662"/>
  <system-out/>
</testsuite> <!-- com.testcases.Usercanabletoaddtarifplantocustomer -->
