<?xml version="1.0" encoding="UTF-8"?>
<!-- Generated by org.testng.reporters.JUnitReportReporter -->
<testsuite hostname="LAPTOP-0R2D2UVK" failures="0" tests="1" name="com.testcases.Paymentgetway" time="13.106" errors="0" timestamp="2024-08-15T21:21:14 IST" skipped="0">
  <testcase classname="com.testcases.Paymentgetway" name="paymentgetwy" time="13.106"/>
  <system-out/>
</testsuite> <!-- com.testcases.Paymentgetway -->
